<?xml version="1.0" encoding="UTF-8"?>
<testsuite name="SILab2Test" tests="2" skipped="0" failures="0" errors="0" timestamp="2021-05-27T19:04:58" hostname="DESKTOP-1CN7GJN" time="0.06">
  <properties/>
  <testcase name="everyBranchTestFunction()" classname="SILab2Test" time="0.052"/>
  <testcase name="multipleConditionTestFunction()" classname="SILab2Test" time="0.006"/>
  <system-out><![CDATA[]]></system-out>
  <system-err><![CDATA[]]></system-err>
</testsuite>
